<?xml version="1.0" encoding="UTF-8"?>
<testsuite xmlns:xsi="http://www.w3.org/2001/XMLSchema-instance" xsi:noNamespaceSchemaLocation="https://maven.apache.org/surefire/maven-surefire-plugin/xsd/surefire-test-report-3.0.xsd" version="3.0" name="testRunner.Runner" time="23.946" tests="1" errors="1" skipped="0" failures="0">
  <properties>
[...]
</properties>
  <testcase name="Add new Customers" classname="customers" time="23.217">
    <error message="no such element: Unable to locate element: {&quot;method&quot;:&quot;xpath&quot;,&quot;selector&quot;:&quot;//*[@id=&quot;customer-info&quot;]/div[2]/div[9]/div[2]/div/div[1]/div/span/span[1]/span/ul/li/input&quot;}&#10;  (Session info: chrome=139.0.7258.128)&#10;For documentation on this error, please visit: https://www.selenium.dev/documentation/webdriver/troubleshooting/errors#no-such-element-exception&#10;Build info: version: &apos;4.35.0&apos;, revision: &apos;1c58e5028b&apos;&#10;System info: os.name: &apos;Windows 11&apos;, os.arch: &apos;amd64&apos;, os.version: &apos;10.0&apos;, java.version: &apos;24.0.2&apos;&#10;Driver info: org.openqa.selenium.chrome.ChromeDriver&#10;Command: [9ced14b5f6436044086b6549c94c17a0, findElement {value=//*[@id=&quot;customer-info&quot;]/div[2]/div[9]/div[2]/div/div[1]/div/span/span[1]/span/ul/li/input, using=xpath}]&#10;Capabilities {acceptInsecureCerts: false, browserName: chrome, browserVersion: 139.0.7258.128, chrome: {chromedriverVersion: 139.0.7258.138 (884e54ea8d4..., userDataDir: C:\Users\thimm\AppData\Loca...}, fedcm:accounts: true, goog:chromeOptions: {debuggerAddress: localhost:51665}, networkConnectionEnabled: false, pageLoadStrategy: normal, platformName: windows, proxy: Proxy(), se:cdp: ws://localhost:51665/devtoo..., se:cdpVersion: 139.0.7258.128, setWindowRect: true, strictFileInteractability: false, timeouts: {implicit: 0, pageLoad: 300000, script: 30000}, unhandledPromptBehavior: dismiss and notify, webauthn:extension:credBlob: true, webauthn:extension:largeBlob: true, webauthn:extension:minPinLength: true, webauthn:extension:prf: true, webauthn:virtualAuthenticators: true}&#10;Session ID: 9ced14b5f6436044086b6549c94c17a0" type="org.openqa.selenium.NoSuchElementException"><![CDATA[org.openqa.selenium.NoSuchElementException: 
no such element: Unable to locate element: {"method":"xpath","selector":"//*[@id="customer-info"]/div[2]/div[9]/div[2]/div/div[1]/div/span/span[1]/span/ul/li/input"}
  (Session info: chrome=139.0.7258.128)
For documentation on this error, please visit: https://www.selenium.dev/documentation/webdriver/troubleshooting/errors#no-such-element-exception
Build info: version: '4.35.0', revision: '1c58e5028b'
System info: os.name: 'Windows 11', os.arch: 'amd64', os.version: '10.0', java.version: '24.0.2'
Driver info: org.openqa.selenium.chrome.ChromeDriver
Command: [9ced14b5f6436044086b6549c94c17a0, findElement {value=//*[@id="customer-info"]/div[2]/div[9]/div[2]/div/div[1]/div/span/span[1]/span/ul/li/input, using=xpath}]
Capabilities {acceptInsecureCerts: false, browserName: chrome, browserVersion: 139.0.7258.128, chrome: {chromedriverVersion: 139.0.7258.138 (884e54ea8d4..., userDataDir: C:\Users\thimm\AppData\Loca...}, fedcm:accounts: true, goog:chromeOptions: {debuggerAddress: localhost:51665}, networkConnectionEnabled: false, pageLoadStrategy: normal, platformName: windows, proxy: Proxy(), se:cdp: ws://localhost:51665/devtoo..., se:cdpVersion: 139.0.7258.128, setWindowRect: true, strictFileInteractability: false, timeouts: {implicit: 0, pageLoad: 300000, script: 30000}, unhandledPromptBehavior: dismiss and notify, webauthn:extension:credBlob: true, webauthn:extension:largeBlob: true, webauthn:extension:minPinLength: true, webauthn:extension:prf: true, webauthn:virtualAuthenticators: true}
Session ID: 9ced14b5f6436044086b6549c94c17a0
]]></error>
    <system-out><![CDATA[
@sanity
Scenario: Add new Customers                                                             # file:///D:/Bala_Experment/Cucumber/./Features/Customer.feature:4
  ✔ Given Launch the Chrome browser                                                     # stepDefinitions.Steps.launch_the_chrome_browser()
  ✔ When Enter the URL "https://admin-demo.nopcommerce.com/login?ReturnUrl=%2Fadmin%2F" # stepDefinitions.Steps.enter_the_url(java.lang.String)
  ✔ And Enter the username "admin@yourstore.com" and password "admin"                   # stepDefinitions.Steps.enter_the_username_and_password(java.lang.String,java.lang.String)
  ✔ And Click on the login button                                                       # stepDefinitions.Steps.click_on_the_login_button()
  ✔ Then Navigate to homepage with title "Dashboard / nopCommerce administration"       # stepDefinitions.Steps.navigate_to_homepage_with_title(java.lang.String)
  ✔ When click on scustomer menu                                                        # stepDefinitions.Steps.click_on_scustomer_menu()
  ✔ And click on customers                                                              # stepDefinitions.Steps.click_on_customers()
  ✔ And click on add new customer                                                       # stepDefinitions.Steps.click_on_add_new_customer()
  ✔ Then User can view Add new customer page                                            # stepDefinitions.Steps.user_can_view_add_new_customer_page()
  ✘ When usre enter the customer info                                                   # stepDefinitions.Steps.usre_enter_the_customer_info()
        org.openqa.selenium.NoSuchElementException: no such element: Unable to locate element: {"method":"xpath","selector":"//*[@id="customer-info"]/div[2]/div[9]/div[2]/div/div[1]/div/span/span[1]/span/ul/li/input"}
          (Session info: chrome=139.0.7258.128)
        For documentation on this error, please visit: https://www.selenium.dev/documentation/webdriver/troubleshooting/errors#no-such-element-exception
        Build info: version: '4.35.0', revision: '1c58e5028b'
        System info: os.name: 'Windows 11', os.arch: 'amd64', os.version: '10.0', java.version: '24.0.2'
        Driver info: org.openqa.selenium.chrome.ChromeDriver
        Command: [9ced14b5f6436044086b6549c94c17a0, findElement {value=//*[@id="customer-info"]/div[2]/div[9]/div[2]/div/div[1]/div/span/span[1]/span/ul/li/input, using=xpath}]
        Capabilities {acceptInsecureCerts: false, browserName: chrome, browserVersion: 139.0.7258.128, chrome: {chromedriverVersion: 139.0.7258.138 (884e54ea8d4..., userDataDir: C:\Users\thimm\AppData\Loca...}, fedcm:accounts: true, goog:chromeOptions: {debuggerAddress: localhost:51665}, networkConnectionEnabled: false, pageLoadStrategy: normal, platformName: windows, proxy: Proxy(), se:cdp: ws://localhost:51665/devtoo..., se:cdpVersion: 139.0.7258.128, setWindowRect: true, strictFileInteractability: false, timeouts: {implicit: 0, pageLoad: 300000, script: 30000}, unhandledPromptBehavior: dismiss and notify, webauthn:extension:credBlob: true, webauthn:extension:largeBlob: true, webauthn:extension:minPinLength: true, webauthn:extension:prf: true, webauthn:virtualAuthenticators: true}
        Session ID: 9ced14b5f6436044086b6549c94c17a0
        	at java.base/jdk.internal.reflect.DirectConstructorHandleAccessor.newInstance(DirectConstructorHandleAccessor.java:62)
        	at java.base/java.lang.reflect.Constructor.newInstanceWithCaller(Constructor.java:499)
        	at java.base/java.lang.reflect.Constructor.newInstance(Constructor.java:483)
        	at org.openqa.selenium.remote.ErrorCodec.decode(ErrorCodec.java:167)
        	at org.openqa.selenium.remote.codec.w3c.W3CHttpResponseCodec.decode(W3CHttpResponseCodec.java:138)
        	at org.openqa.selenium.remote.codec.w3c.W3CHttpResponseCodec.decode(W3CHttpResponseCodec.java:50)
        	at org.openqa.selenium.remote.HttpCommandExecutor.execute(HttpCommandExecutor.java:215)
        	at org.openqa.selenium.remote.service.DriverCommandExecutor.invokeExecute(DriverCommandExecutor.java:216)
        	at org.openqa.selenium.remote.service.DriverCommandExecutor.execute(DriverCommandExecutor.java:174)
        	at org.openqa.selenium.remote.RemoteWebDriver.execute(RemoteWebDriver.java:557)
        	at org.openqa.selenium.remote.ElementLocation$ElementFinder$2.findElement(ElementLocation.java:165)
        	at org.openqa.selenium.remote.ElementLocation.findElement(ElementLocation.java:59)
        	at org.openqa.selenium.remote.RemoteWebDriver.findElement(RemoteWebDriver.java:380)
        	at org.openqa.selenium.remote.RemoteWebDriver.findElement(RemoteWebDriver.java:374)
        	at org.openqa.selenium.support.pagefactory.DefaultElementLocator.findElement(DefaultElementLocator.java:68)
        	at org.openqa.selenium.support.pagefactory.internal.LocatingElementHandler.invoke(LocatingElementHandler.java:38)
        	at jdk.proxy2/jdk.proxy2.$Proxy23.click(Unknown Source)
        	at pageObject.CustomerPage.Newsletter(CustomerPage.java:89)
        	at stepDefinitions.Steps.usre_enter_the_customer_info(Steps.java:131)
        	at ✽.usre enter the customer info(file:///D:/Bala_Experment/Cucumber/./Features/Customer.feature:14)
  ↷ And click on save                                                                   # stepDefinitions.Steps.click_on_save()
  ↷ Then user can seen the "The new customer has been added successfully."              # stepDefinitions.Steps.user_can_seen_the(java.lang.String)
  ↷ And close browser;                                                                  # stepDefinitions.Steps.close_browser()
]]></system-out>
  </testcase>
</testsuite>